<?xml version="1.0" encoding="UTF-8"?>
<!-- Generated by org.testng.reporters.JUnitReportReporter -->
<testsuite hostname="Legion5Pro" failures="0" tests="3" name="com.browserstack.BStackDemoTest" time="94.174" errors="0" timestamp="2023-12-19T01:04:25 EST" skipped="0">
  <testcase classname="com.browserstack.BStackDemoTest" name="loginTestWithPom" time="34.558"/>
  <system-out/>
  <testcase classname="com.browserstack.BStackDemoTest" name="loginTestWithPom" time="15.128"/>
  <system-out/>
  <testcase classname="com.browserstack.BStackDemoTest" name="loginTestWithPom" time="44.488"/>
  <system-out/>
</testsuite> <!-- com.browserstack.BStackDemoTest -->
