<?xml version="1.0" encoding="UTF-8"?>
<!-- Generated by org.testng.reporters.JUnitReportReporter -->
<testsuite hostname="Legion5Pro" failures="0" tests="3" name="com.browserstack.BStackLocalTest" time="68.215" errors="0" timestamp="2024-07-19T21:56:15 EDT" skipped="0">
  <testcase classname="com.browserstack.BStackLocalTest" name="test" time="30.928"/>
  <system-out/>
  <testcase classname="com.browserstack.BStackLocalTest" name="test" time="14.941"/>
  <system-out/>
  <testcase classname="com.browserstack.BStackLocalTest" name="test" time="22.346"/>
  <system-out/>
</testsuite> <!-- com.browserstack.BStackLocalTest -->
